[debug] [2022-05-09T06:02:22.845Z] ----------------------------------------------------------------------
[debug] [2022-05-09T06:02:22.847Z] Command:       C:\Program Files\nodejs\node.exe C:\Users\aswan\AppData\Roaming\npm\node_modules\firebase-tools\lib\bin\firebase.js init --debug
[debug] [2022-05-09T06:02:22.848Z] CLI Version:   10.8.0
[debug] [2022-05-09T06:02:22.848Z] Platform:      win32
[debug] [2022-05-09T06:02:22.848Z] Node Version:  v14.17.0
[debug] [2022-05-09T06:02:22.850Z] Time:          Mon May 09 2022 11:32:22 GMT+0530 (India Standard Time)
[debug] [2022-05-09T06:02:22.850Z] ----------------------------------------------------------------------
[debug] 
[debug] [2022-05-09T06:02:22.862Z] > command requires scopes: ["email","openid","https://www.googleapis.com/auth/cloudplatformprojects.readonly","https://www.googleapis.com/auth/firebase","https://www.googleapis.com/auth/cloud-platform"]
[debug] [2022-05-09T06:02:22.864Z] > authorizing via signed-in user (aswanthmohan97@gmail.com)
[info] 
     ######## #### ########  ######## ########     ###     ######  ########
     ##        ##  ##     ## ##       ##     ##  ##   ##  ##       ##
     ######    ##  ########  ######   ########  #########  ######  ######
     ##        ##  ##    ##  ##       ##     ## ##     ##       ## ##
     ##       #### ##     ## ######## ########  ##     ##  ######  ########

You're about to initialize a Firebase project in this directory:

  C:\Users\aswan\OneDrive\Desktop\reactJs\reactClone2\project2

[info] 
=== Project Setup
[info] 
[info] First, let's associate this project directory with a Firebase project.
[info] You can create multiple project aliases by running firebase use --add, 
[info] but for now we'll just set up a default project.
[info] 
[debug] [2022-05-09T06:04:03.522Z] >>> [apiv2][query] GET https://firebase.googleapis.com/v1beta1/projects pageSize=100
[debug] [2022-05-09T06:04:04.833Z] <<< [apiv2][status] GET https://firebase.googleapis.com/v1beta1/projects 200
[debug] [2022-05-09T06:04:04.833Z] <<< [apiv2][body] GET https://firebase.googleapis.com/v1beta1/projects [omitted]
[info] i  Using project project2-b4ef5 (project2) 
[info] 
=== Hosting Setup
[info] 
[info] Your public directory is the folder (relative to your project directory) that
[info] will contain Hosting assets to be uploaded with firebase deploy. If you
[info] have a build process for your assets, use your build's output directory.
[info] 
[debug] [2022-05-09T06:04:47.368Z] >>> [apiv2][query] GET https://www.gstatic.com/firebasejs/releases.json [none]
[debug] [2022-05-09T06:04:48.529Z] FetchError: request to https://www.gstatic.com/firebasejs/releases.json failed, reason: unable to get local issuer certificate
    at ClientRequest.<anonymous> (C:\Users\aswan\AppData\Roaming\npm\node_modules\firebase-tools\node_modules\node-fetch\lib\index.js:1491:11)
    at ClientRequest.emit (events.js:376:20)
    at ClientRequest.emit (domain.js:470:12)
    at TLSSocket.socketErrorListener (_http_client.js:475:9)
    at TLSSocket.emit (events.js:376:20)
    at TLSSocket.emit (domain.js:470:12)
    at emitErrorNT (internal/streams/destroy.js:106:8)
    at emitErrorCloseNT (internal/streams/destroy.js:74:3)
    at processTicksAndRejections (internal/process/task_queues.js:82:21)
[error] 
[error] Error: Failed to make request to https://www.gstatic.com/firebasejs/releases.json
[debug] [2022-05-09T06:09:04.304Z] ----------------------------------------------------------------------
[debug] [2022-05-09T06:09:04.307Z] Command:       C:\Program Files\nodejs\node.exe C:\Users\aswan\AppData\Roaming\npm\node_modules\firebase-tools\lib\bin\firebase.js init --debug
[debug] [2022-05-09T06:09:04.308Z] CLI Version:   10.8.0
[debug] [2022-05-09T06:09:04.308Z] Platform:      win32
[debug] [2022-05-09T06:09:04.308Z] Node Version:  v14.17.0
[debug] [2022-05-09T06:09:04.310Z] Time:          Mon May 09 2022 11:39:04 GMT+0530 (India Standard Time)
[debug] [2022-05-09T06:09:04.310Z] ----------------------------------------------------------------------
[debug] 
[debug] [2022-05-09T06:09:04.322Z] > command requires scopes: ["email","openid","https://www.googleapis.com/auth/cloudplatformprojects.readonly","https://www.googleapis.com/auth/firebase","https://www.googleapis.com/auth/cloud-platform"]
[debug] [2022-05-09T06:09:04.325Z] > authorizing via signed-in user (aswanthmohan97@gmail.com)
[info] 
     ######## #### ########  ######## ########     ###     ######  ########
     ##        ##  ##     ## ##       ##     ##  ##   ##  ##       ##
     ######    ##  ########  ######   ########  #########  ######  ######
     ##        ##  ##    ##  ##       ##     ## ##     ##       ## ##
     ##       #### ##     ## ######## ########  ##     ##  ######  ########

You're about to initialize a Firebase project in this directory:

  C:\Users\aswan\OneDrive\Desktop\reactJs\reactClone2\project2

[info] 
=== Project Setup
[info] 
[info] First, let's associate this project directory with a Firebase project.
[info] You can create multiple project aliases by running firebase use --add, 
[info] but for now we'll just set up a default project.
[info] 
[debug] [2022-05-09T06:13:51.584Z] >>> [apiv2][query] GET https://firebase.googleapis.com/v1beta1/projects pageSize=100
[debug] [2022-05-09T06:13:53.161Z] <<< [apiv2][status] GET https://firebase.googleapis.com/v1beta1/projects 200
[debug] [2022-05-09T06:13:53.162Z] <<< [apiv2][body] GET https://firebase.googleapis.com/v1beta1/projects [omitted]
[info] i  Using project project2-b4ef5 (project2) 
[info] 
=== Hosting Setup
[info] 
[info] Your public directory is the folder (relative to your project directory) that
[info] will contain Hosting assets to be uploaded with firebase deploy. If you
[info] have a build process for your assets, use your build's output directory.
[info] 
[debug] [2022-05-09T06:20:05.367Z] >>> [apiv2][query] GET https://www.gstatic.com/firebasejs/releases.json [none]
[debug] [2022-05-09T06:20:08.134Z] FetchError: request to https://www.gstatic.com/firebasejs/releases.json failed, reason: unable to get local issuer certificate
    at ClientRequest.<anonymous> (C:\Users\aswan\AppData\Roaming\npm\node_modules\firebase-tools\node_modules\node-fetch\lib\index.js:1491:11)
    at ClientRequest.emit (events.js:376:20)
    at ClientRequest.emit (domain.js:470:12)
    at TLSSocket.socketErrorListener (_http_client.js:475:9)
    at TLSSocket.emit (events.js:376:20)
    at TLSSocket.emit (domain.js:470:12)
    at emitErrorNT (internal/streams/destroy.js:106:8)
    at emitErrorCloseNT (internal/streams/destroy.js:74:3)
    at processTicksAndRejections (internal/process/task_queues.js:82:21)
[error] 
[error] Error: Failed to make request to https://www.gstatic.com/firebasejs/releases.json
